<?xml version="1.0" encoding="UTF-8"?>
<!-- Generated by org.testng.reporters.JUnitReportReporter -->
<testsuite skipped="0" hostname="LAPTOP-DN1A88SJ" name="TC006_GET_ExtractValueOfEachNodeInJSON" tests="1" failures="0" timestamp="13 Jul 2019 04:46:34 GMT" time="3.977" errors="0">
  <testcase name="getWeatherDetails" time="3.977" classname="TC006_GET_ExtractValueOfEachNodeInJSON"/>
</testsuite> <!-- TC006_GET_ExtractValueOfEachNodeInJSON -->
