<?xml version="1.0" encoding="UTF-8"?>
<!-- Generated by org.testng.reporters.JUnitReportReporter -->
<testsuite skipped="0" hostname="LAPTOP-DN1A88SJ" name="TC004_GET_Request_PrintAllHeaders" tests="1" failures="0" timestamp="13 Jul 2019 04:37:11 GMT" time="5.270" errors="0">
  <testcase name="getWeatherDetails" time="5.270" classname="TC004_GET_Request_PrintAllHeaders"/>
</testsuite> <!-- TC004_GET_Request_PrintAllHeaders -->
