<?xml version="1.0" encoding="UTF-8"?>
<!-- Generated by org.testng.reporters.JUnitReportReporter -->
<testsuite skipped="0" hostname="LAPTOP-DN1A88SJ" name="TC003_GET_Request" tests="1" failures="0" timestamp="09 Jul 2019 22:53:33 GMT" time="2.599" errors="0">
  <testcase name="googleMapTest" time="2.599" classname="TC003_GET_Request"/>
</testsuite> <!-- TC003_GET_Request -->
