<?xml version="1.0" encoding="UTF-8"?>
<!-- Generated by org.testng.reporters.JUnitReportReporter -->
<testsuite skipped="0" hostname="LAPTOP-DN1A88SJ" name="TC003_GET_Request_Headers" tests="1" failures="0" timestamp="13 Jul 2019 04:36:18 GMT" time="4.130" errors="0">
  <testcase name="googleMapTest" time="4.130" classname="TC003_GET_Request_Headers"/>
</testsuite> <!-- TC003_GET_Request_Headers -->
