<?xml version="1.0" encoding="UTF-8"?>
<!-- Generated by org.testng.reporters.JUnitReportReporter -->
<testsuite skipped="0" hostname="LAPTOP-DN1A88SJ" name="TC005_GET_Request_ValidatingJSONResponse" tests="1" failures="0" timestamp="13 Jul 2019 04:42:48 GMT" time="2.994" errors="0">
  <testcase name="getWeatherDetails" time="2.994" classname="TC005_GET_Request_ValidatingJSONResponse"/>
</testsuite> <!-- TC005_GET_Request_ValidatingJSONResponse -->
