<?xml version="1.0" encoding="UTF-8"?>
<!-- Generated by org.testng.reporters.JUnitReportReporter -->
<testsuite skipped="0" hostname="LAPTOP-DN1A88SJ" name="TC001_GET_Request" tests="1" failures="0" timestamp="13 Jul 2019 04:30:24 GMT" time="3.972" errors="0">
  <testcase name="getWeatherDetails" time="3.972" classname="TC001_GET_Request"/>
</testsuite> <!-- TC001_GET_Request -->
