<?xml version="1.0" encoding="UTF-8"?>
<!-- Generated by org.testng.reporters.JUnitReportReporter -->
<testsuite skipped="0" hostname="LAPTOP-DN1A88SJ" name="dataDrivenTest.Ddtest_AddNewEmployee" tests="3" failures="0" timestamp="10 Jul 2019 03:14:15 GMT" time="3.222" errors="0">
  <testcase name="postNewEmployees" time="2.684" classname="dataDrivenTest.Ddtest_AddNewEmployee"/>
  <testcase name="postNewEmployees" time="0.266" classname="dataDrivenTest.Ddtest_AddNewEmployee"/>
  <testcase name="postNewEmployees" time="0.272" classname="dataDrivenTest.Ddtest_AddNewEmployee"/>
</testsuite> <!-- dataDrivenTest.Ddtest_AddNewEmployee -->
