<?xml version="1.0" encoding="UTF-8"?>
<!-- Generated by org.testng.reporters.JUnitReportReporter -->
<testsuite skipped="0" hostname="LAPTOP-DN1A88SJ" name="TC007_GET_RequestAuthentification" tests="1" failures="0" timestamp="13 Jul 2019 04:49:08 GMT" time="2.859" errors="0">
  <testcase name="authorizationTest" time="2.859" classname="TC007_GET_RequestAuthentification"/>
</testsuite> <!-- TC007_GET_RequestAuthentification -->
